<?xml version="1.0" encoding="UTF-8"?>
<!-- Generated by org.testng.reporters.JUnitXMLReporter -->
<testsuite ignored="0" hostname="akashpc" failures="0" tests="3" name="Test" time="59.829" errors="0" timestamp="2026-04-16T14:07:01 IST">
  <testcase classname="test.ActitimeEditCustomerTest" name="editcustomerMethod" time="22.347"/>
  <testcase classname="test.ActitimeTest" name="loginMethod" time="15.357"/>
  <testcase classname="test.CreateNewCustomerTest" name="createnewcustomerTest" time="22.048"/>
</testsuite> <!-- Test -->
