<?xml version="1.0" encoding="UTF-8"?>
<testng-results ignored="0" total="3" passed="3" failed="0" skipped="0">
  <reporter-output>
  </reporter-output>
  <suite started-at="2026-04-16T14:06:02 IST" name="Suite" finished-at="2026-04-16T14:07:01 IST" duration-ms="59829">
    <groups>
    </groups>
    <test started-at="2026-04-16T14:06:02 IST" name="Test" finished-at="2026-04-16T14:07:01 IST" duration-ms="59829">
      <class name="test.ActitimeTest">
        <test-method signature="loginMethod()[pri:0, instance:test.ActitimeTest@65f095f8]" started-at="2026-04-16T14:06:24 IST" name="loginMethod" finished-at="2026-04-16T14:06:39 IST" duration-ms="15357" status="PASS">
          <reporter-output>
          </reporter-output>
        </test-method> <!-- loginMethod -->
      </class> <!-- test.ActitimeTest -->
      <class name="test.CreateNewCustomerTest">
        <test-method signature="createnewcustomerTest()[pri:0, instance:test.CreateNewCustomerTest@59af0466]" started-at="2026-04-16T14:06:39 IST" name="createnewcustomerTest" finished-at="2026-04-16T14:07:01 IST" duration-ms="22048" status="PASS">
          <reporter-output>
          </reporter-output>
        </test-method> <!-- createnewcustomerTest -->
      </class> <!-- test.CreateNewCustomerTest -->
      <class name="test.ActitimeEditCustomerTest">
        <test-method signature="editcustomerMethod()[pri:0, instance:test.ActitimeEditCustomerTest@3315d2d7]" started-at="2026-04-16T14:06:02 IST" name="editcustomerMethod" finished-at="2026-04-16T14:06:24 IST" duration-ms="22347" status="PASS">
          <reporter-output>
          </reporter-output>
        </test-method> <!-- editcustomerMethod -->
      </class> <!-- test.ActitimeEditCustomerTest -->
    </test> <!-- Test -->
  </suite> <!-- Suite -->
</testng-results>
